Test
06 June 2022 08:40:05 PM

MD_OPENMP
  C/OpenMP version
  A molecular dynamics program.

  NP, the number of particles in the simulation is 100
  STEP_NUM, the number of time steps, is 20
  DT, the size of each time step, is 0.000100

  Initializing positions, velocities, and accelerations.

  Computing initial forces and energies.

  At each step, we report the potential and kinetic energies.
  The sum of these energies should be a constant.
  As an accuracy check, we also print the relative error
  in the total energy.

      Step      Potential       Kinetic        (P+K-E0)/E0
                Energy P        Energy K       Relative Energy Error

         0     4937.095643        0.000000    0.000000e+00
         2     4937.095643        0.000000    0.000000e+00
         4     4937.095643        0.000000    0.000000e+00
         6     4937.095643        0.000000    0.000000e+00
         8     4937.095643        0.000000    0.000000e+00
        10     4937.095643        0.000000    0.000000e+00
        12     4937.095643        0.000000    0.000000e+00
        14     4937.095643        0.000000    0.000000e+00
        16     4937.095643        0.000000    0.000000e+00
        18     4937.095643        0.000000    0.000000e+00
        20     4937.095643        0.000000    0.000000e+00

  Elapsed time for main computation:

MD_OPENMP
  Normal end of execution.

06 June 2022 08:40:05 PM
Normal end of execution.
