compute:
    212, Parallel region activated
         Parallel loop activated with static block schedule
    255, Parallel region terminated
         Barrier
update:
    562, Parallel region activated
         Parallel loop activated with static block schedule
    570, Parallel region terminated
         Barrier
07 June 2022 10:25:10 AM

MD_OPENMP
  C/OpenMP version
  A molecular dynamics program.

  NP, the number of particles in the simulation is 100
  STEP_NUM, the number of time steps, is 20
  DT, the size of each time step, is 0.000100

  Number of processors available = 16
  Number of threads =              16

  Initializing positions, velocities, and accelerations.

  Computing initial forces and energies.

  At each step, we report the potential and kinetic energies.
  The sum of these energies should be a constant.
  As an accuracy check, we also print the relative error
  in the total energy.

      Step      Potential       Kinetic        (P+K-E0)/E0
                Energy P        Energy K       Relative Energy Error

         0     4937.095643        0.000000    0.000000e+00
         2     4937.095643        0.000000    1.393009e-11
         4     4937.095642        0.000002    1.392990e-11
         6     4937.095638        0.000006    1.392990e-11
         8     4937.095632        0.000012    1.392990e-11
        10     4937.095624        0.000020    1.392972e-11
        12     4937.095613        0.000030    1.392953e-11
        14     4937.095600        0.000043    1.392898e-11
        16     4937.095586        0.000058    1.392824e-11
        18     4937.095568        0.000075    1.392732e-11
        20     4937.095549        0.000094    1.392603e-11

  Elapsed time for main computation:
  0.189627 seconds.

MD_OPENMP
  Normal end of execution.

07 June 2022 10:25:10 AM
