compute:
    213, Parallel region activated
         Parallel loop activated with static block schedule
    256, Parallel region terminated
         Barrier
update:
    563, Parallel region activated
         Parallel loop activated with static block schedule
    571, Parallel region terminated
         Barrier
07 June 2022 08:59:11 PM

MD_OPENMP
  C/OpenMP version
  A molecular dynamics program.

  NP, the number of particles in the simulation is 10
  STEP_NUM, the number of time steps, is 100
  DT, the size of each time step, is 0.000100

  Number of processors available = 16
  Number of threads =              16

  Initializing positions, velocities, and accelerations.

  Computing initial forces and energies.
44.932708

  At each step, we report the potential and kinetic energies.
  The sum of these energies should be a constant.
  As an accuracy check, we also print the relative error
  in the total energy.

      Step      Potential       Kinetic        (P+K-E0)/E0
                Energy P        Energy K       Relative Energy Error

         0   44.9327084220    0.0000000000  0.0000000000e+00
        10   44.9327082412    0.0000001814  1.3967577390e-11
        20   44.9327075634    0.0000008592  1.3960619456e-11
        30   44.9327063834    0.0000020392  1.3939429385e-11
        40   44.9327047013    0.0000037213  1.3896891109e-11
        50   44.9327025170    0.0000059056  1.3824623480e-11
        60   44.9326998306    0.0000085920  1.3715194160e-11
        70   44.9326966419    0.0000117807  1.3560538271e-11
        80   44.9326929509    0.0000154716  1.3353381611e-11
        90   44.9326887577    0.0000196649  1.3085659300e-11
       100   44.9326840620    0.0000243605  1.2749780867e-11

  Elapsed time for main computation:
  0.001337 seconds.

MD_OPENMP
  Normal end of execution.

07 June 2022 08:59:11 PM
